[2024-11-04 05:12:29.165] [error] InverseKinematicsTool Failed: No model filename was provided.
	In Object '<no-name>' of type InverseKinematicsTool.
	Thrown at InverseKinematicsTool.cpp:112 in run().
[2024-11-04 05:18:27.466] [info] Loaded model P01 from file c:\Git\python-envs\msk_modelling\Lib\site-packages\msk_modelling_python\ui\..\example_data\walking\torsion_scaled.osim
[2024-11-04 05:18:27.716] [cout] [info] 
               MODEL: P01
         coordinates: 31
              forces: 83
           actuators: 83
             muscles: 80
            analyses: 0
              probes: 0
              bodies: 24
              joints: 24
         constraints: 4
             markers: 36
         controllers: 0
  contact geometries: 0
misc modelcomponents: 0
[2024-11-04 05:18:27.718] [info] Running tool .
[2024-11-04 05:18:28.356] [info] Frame 333 (t = 1.665):	 total squared error = 0.0170417, marker error: RMS = 0.0230771, max = 0.0661159 (T10)
[2024-11-04 05:18:28.528] [info] Frame 334 (t = 1.67):	 total squared error = 0.0168468, marker error: RMS = 0.0229448, max = 0.0661237 (T10)
[2024-11-04 05:18:28.718] [info] Frame 335 (t = 1.675):	 total squared error = 0.0166534, marker error: RMS = 0.0228127, max = 0.0660799 (T10)
[2024-11-04 05:18:28.952] [info] Frame 336 (t = 1.68):	 total squared error = 0.0164722, marker error: RMS = 0.0226882, max = 0.065999 (T10)
[2024-11-04 05:18:29.141] [info] Frame 337 (t = 1.685):	 total squared error = 0.0163117, marker error: RMS = 0.0225774, max = 0.0660305 (T10)
[2024-11-04 05:18:29.363] [info] Frame 338 (t = 1.69):	 total squared error = 0.0161809, marker error: RMS = 0.0224867, max = 0.0660798 (T10)
[2024-11-04 05:18:29.539] [info] Frame 339 (t = 1.695):	 total squared error = 0.0160813, marker error: RMS = 0.0224175, max = 0.0660675 (T10)
[2024-11-04 05:18:29.748] [info] Frame 340 (t = 1.7):	 total squared error = 0.0160194, marker error: RMS = 0.0223742, max = 0.0661289 (T10)
[2024-11-04 05:18:29.976] [info] Frame 341 (t = 1.70500):	 total squared error = 0.0159854, marker error: RMS = 0.0223505, max = 0.0662588 (T10)
[2024-11-04 05:18:30.144] [info] Frame 342 (t = 1.71):	 total squared error = 0.0159768, marker error: RMS = 0.0223445, max = 0.0663938 (T10)
[2024-11-04 05:18:30.310] [info] Frame 343 (t = 1.715):	 total squared error = 0.015986, marker error: RMS = 0.0223509, max = 0.0665233 (T10)
[2024-11-04 05:18:30.476] [info] Frame 344 (t = 1.72):	 total squared error = 0.0160058, marker error: RMS = 0.0223647, max = 0.0666697 (T10)
[2024-11-04 05:18:30.631] [info] Frame 345 (t = 1.725):	 total squared error = 0.0160272, marker error: RMS = 0.0223796, max = 0.0668097 (T10)
[2024-11-04 05:18:30.838] [info] Frame 346 (t = 1.73):	 total squared error = 0.0160458, marker error: RMS = 0.0223926, max = 0.0669656 (T10)
[2024-11-04 05:18:30.977] [info] Frame 347 (t = 1.735):	 total squared error = 0.0160587, marker error: RMS = 0.0224017, max = 0.0670016 (T10)
[2024-11-04 05:18:31.121] [info] Frame 348 (t = 1.74):	 total squared error = 0.0160592, marker error: RMS = 0.0224020, max = 0.0672771 (T10)
[2024-11-04 05:18:31.271] [info] Frame 349 (t = 1.745):	 total squared error = 0.0160498, marker error: RMS = 0.0223955, max = 0.0674107 (T10)
[2024-11-04 05:18:31.403] [info] Frame 350 (t = 1.75):	 total squared error = 0.0160299, marker error: RMS = 0.0223815, max = 0.0674504 (T10)
[2024-11-04 05:18:31.587] [info] Frame 351 (t = 1.755):	 total squared error = 0.0159931, marker error: RMS = 0.0223558, max = 0.0676527 (T10)
[2024-11-04 05:18:31.749] [info] Frame 352 (t = 1.76):	 total squared error = 0.0159472, marker error: RMS = 0.0223238, max = 0.0677463 (T10)
[2024-11-04 05:18:31.926] [info] Frame 353 (t = 1.765):	 total squared error = 0.0158913, marker error: RMS = 0.0222846, max = 0.067817 (T10)
[2024-11-04 05:18:32.101] [info] Frame 354 (t = 1.77):	 total squared error = 0.015831, marker error: RMS = 0.0222423, max = 0.0677959 (T10)
[2024-11-04 05:18:32.293] [info] Frame 355 (t = 1.775):	 total squared error = 0.0157608, marker error: RMS = 0.0221929, max = 0.0678942 (T10)
[2024-11-04 05:18:32.465] [info] Frame 356 (t = 1.78):	 total squared error = 0.0156949, marker error: RMS = 0.0221465, max = 0.0679644 (T10)
[2024-11-04 05:18:32.604] [info] Frame 357 (t = 1.785):	 total squared error = 0.0156339, marker error: RMS = 0.0221034, max = 0.0680428 (T10)
[2024-11-04 05:18:32.762] [info] Frame 358 (t = 1.79):	 total squared error = 0.0155826, marker error: RMS = 0.0220671, max = 0.0680445 (T10)
[2024-11-04 05:18:32.947] [info] Frame 359 (t = 1.795):	 total squared error = 0.0155431, marker error: RMS = 0.0220391, max = 0.0680667 (T10)
[2024-11-04 05:18:33.108] [info] Frame 360 (t = 1.8):	 total squared error = 0.0155189, marker error: RMS = 0.0220219, max = 0.0680713 (T10)
[2024-11-04 05:18:33.269] [info] Frame 361 (t = 1.80500):	 total squared error = 0.0155108, marker error: RMS = 0.0220162, max = 0.0680863 (T10)
[2024-11-04 05:18:33.460] [info] Frame 362 (t = 1.81):	 total squared error = 0.0155205, marker error: RMS = 0.0220231, max = 0.0681118 (T10)
[2024-11-04 05:18:33.656] [info] Frame 363 (t = 1.815):	 total squared error = 0.0155486, marker error: RMS = 0.0220430, max = 0.068133 (T10)
[2024-11-04 05:18:33.798] [info] Frame 364 (t = 1.82):	 total squared error = 0.0155951, marker error: RMS = 0.0220759, max = 0.0681413 (T10)
[2024-11-04 05:18:33.994] [info] Frame 365 (t = 1.825):	 total squared error = 0.0156571, marker error: RMS = 0.0221198, max = 0.0681319 (T10)
[2024-11-04 05:18:34.145] [info] Frame 366 (t = 1.83):	 total squared error = 0.0157345, marker error: RMS = 0.0221744, max = 0.0681233 (T10)
[2024-11-04 05:18:34.324] [info] Frame 367 (t = 1.835):	 total squared error = 0.0158245, marker error: RMS = 0.0222377, max = 0.0681268 (T10)
[2024-11-04 05:18:34.510] [info] Frame 368 (t = 1.84):	 total squared error = 0.015924, marker error: RMS = 0.0223075, max = 0.0680756 (T10)
[2024-11-04 05:18:34.678] [info] Frame 369 (t = 1.845):	 total squared error = 0.0160306, marker error: RMS = 0.022382, max = 0.0680509 (T10)
[2024-11-04 05:18:34.841] [info] Frame 370 (t = 1.85):	 total squared error = 0.0161441, marker error: RMS = 0.0224612, max = 0.0679939 (T10)
[2024-11-04 05:18:34.969] [info] Frame 371 (t = 1.855):	 total squared error = 0.0162611, marker error: RMS = 0.0225424, max = 0.0679082 (T10)
[2024-11-04 05:18:35.092] [info] Frame 372 (t = 1.86):	 total squared error = 0.0163813, marker error: RMS = 0.0226255, max = 0.0677636 (T10)
[2024-11-04 05:18:35.223] [info] Frame 373 (t = 1.865):	 total squared error = 0.0165071, marker error: RMS = 0.0227123, max = 0.0677347 (T10)
[2024-11-04 05:18:35.349] [info] Frame 374 (t = 1.87):	 total squared error = 0.0166358, marker error: RMS = 0.0228006, max = 0.0675898 (T10)
[2024-11-04 05:18:35.470] [info] Frame 375 (t = 1.875):	 total squared error = 0.0167707, marker error: RMS = 0.0228929, max = 0.0674262 (T10)
[2024-11-04 05:18:35.599] [info] Frame 376 (t = 1.88):	 total squared error = 0.0169082, marker error: RMS = 0.0229866, max = 0.0671892 (T10)
[2024-11-04 05:18:35.738] [info] Frame 377 (t = 1.885):	 total squared error = 0.0170478, marker error: RMS = 0.0230813, max = 0.0670162 (T10)
[2024-11-04 05:18:35.874] [info] Frame 378 (t = 1.89):	 total squared error = 0.0171901, marker error: RMS = 0.0231773, max = 0.0668094 (T10)
[2024-11-04 05:18:36.001] [info] Frame 379 (t = 1.895):	 total squared error = 0.0173271, marker error: RMS = 0.0232696, max = 0.0665355 (T10)
[2024-11-04 05:18:36.131] [info] Frame 380 (t = 1.9):	 total squared error = 0.0174559, marker error: RMS = 0.0233559, max = 0.0663364 (T10)
[2024-11-04 05:18:36.270] [info] Frame 381 (t = 1.90500):	 total squared error = 0.0175679, marker error: RMS = 0.0234307, max = 0.0660228 (T10)
[2024-11-04 05:18:36.409] [info] Frame 382 (t = 1.91):	 total squared error = 0.0176551, marker error: RMS = 0.0234888, max = 0.0657591 (T10)
[2024-11-04 05:18:36.558] [info] Frame 383 (t = 1.915):	 total squared error = 0.0177119, marker error: RMS = 0.0235265, max = 0.0654607 (T10)
[2024-11-04 05:18:36.714] [info] Frame 384 (t = 1.92):	 total squared error = 0.0177321, marker error: RMS = 0.0235399, max = 0.0652108 (T10)
[2024-11-04 05:18:36.848] [info] Frame 385 (t = 1.925):	 total squared error = 0.017714, marker error: RMS = 0.0235279, max = 0.0649595 (T10)
[2024-11-04 05:18:36.980] [info] Frame 386 (t = 1.93):	 total squared error = 0.0176604, marker error: RMS = 0.0234923, max = 0.0647011 (T10)
[2024-11-04 05:18:37.109] [info] Frame 387 (t = 1.935):	 total squared error = 0.0175772, marker error: RMS = 0.0234369, max = 0.0645328 (T10)
[2024-11-04 05:18:37.241] [info] Frame 388 (t = 1.94):	 total squared error = 0.0174725, marker error: RMS = 0.023367, max = 0.0642921 (T10)
[2024-11-04 05:18:37.379] [info] Frame 389 (t = 1.945):	 total squared error = 0.0173591, marker error: RMS = 0.023291, max = 0.0640748 (T10)
[2024-11-04 05:18:37.510] [info] Frame 390 (t = 1.95):	 total squared error = 0.0172527, marker error: RMS = 0.0232196, max = 0.0639070 (T10)
[2024-11-04 05:18:37.648] [info] Frame 391 (t = 1.955):	 total squared error = 0.0171665, marker error: RMS = 0.0231615, max = 0.0637675 (T10)
[2024-11-04 05:18:37.783] [info] Frame 392 (t = 1.96):	 total squared error = 0.0171166, marker error: RMS = 0.0231278, max = 0.0636507 (T10)
[2024-11-04 05:18:37.919] [info] Frame 393 (t = 1.965):	 total squared error = 0.0171177, marker error: RMS = 0.0231285, max = 0.0634442 (T10)
[2024-11-04 05:18:38.049] [info] Frame 394 (t = 1.97):	 total squared error = 0.0171674, marker error: RMS = 0.0231621, max = 0.0634013 (T10)
[2024-11-04 05:18:38.196] [info] Frame 395 (t = 1.975):	 total squared error = 0.0172735, marker error: RMS = 0.0232335, max = 0.0633387 (T10)
[2024-11-04 05:18:38.347] [info] Frame 396 (t = 1.98):	 total squared error = 0.0174345, marker error: RMS = 0.0233416, max = 0.0632404 (T10)
[2024-11-04 05:18:38.471] [info] Frame 397 (t = 1.985):	 total squared error = 0.0176375, marker error: RMS = 0.0234771, max = 0.0631545 (T10)
[2024-11-04 05:18:38.594] [info] Frame 398 (t = 1.99):	 total squared error = 0.0178692, marker error: RMS = 0.0236308, max = 0.0630266 (T10)
[2024-11-04 05:18:38.717] [info] Frame 399 (t = 1.995):	 total squared error = 0.0181144, marker error: RMS = 0.0237923, max = 0.06297 (T10)
[2024-11-04 05:18:38.846] [info] Frame 400 (t = 2.0):	 total squared error = 0.0183548, marker error: RMS = 0.0239497, max = 0.0628483 (T10)
[2024-11-04 05:18:38.978] [info] Frame 401 (t = 2.00500):	 total squared error = 0.0185695, marker error: RMS = 0.0240894, max = 0.0627785 (T10)
[2024-11-04 05:18:39.116] [info] Frame 402 (t = 2.01):	 total squared error = 0.0187465, marker error: RMS = 0.0242039, max = 0.0626964 (T10)
[2024-11-04 05:18:39.244] [info] Frame 403 (t = 2.015):	 total squared error = 0.0188723, marker error: RMS = 0.024285, max = 0.0625917 (T10)
[2024-11-04 05:18:39.366] [info] Frame 404 (t = 2.02):	 total squared error = 0.0189373, marker error: RMS = 0.0243268, max = 0.0624882 (T10)
[2024-11-04 05:18:39.459] [info] Frame 405 (t = 2.025):	 total squared error = 0.0189453, marker error: RMS = 0.0243319, max = 0.062545 (T10)
[2024-11-04 05:18:39.591] [info] Frame 406 (t = 2.03):	 total squared error = 0.01887, marker error: RMS = 0.0242835, max = 0.0624045 (T10)
[2024-11-04 05:18:39.713] [info] Frame 407 (t = 2.035):	 total squared error = 0.0187456, marker error: RMS = 0.0242033, max = 0.0623622 (T10)
[2024-11-04 05:18:39.856] [info] Frame 408 (t = 2.04):	 total squared error = 0.0185671, marker error: RMS = 0.0240878, max = 0.0623709 (T10)
[2024-11-04 05:18:39.978] [info] Frame 409 (t = 2.045):	 total squared error = 0.0183452, marker error: RMS = 0.0239434, max = 0.0623716 (T10)
[2024-11-04 05:18:40.101] [info] Frame 410 (t = 2.05):	 total squared error = 0.0180889, marker error: RMS = 0.0237756, max = 0.0624302 (T10)
[2024-11-04 05:18:40.210] [info] Frame 411 (t = 2.055):	 total squared error = 0.0178098, marker error: RMS = 0.0235914, max = 0.0624739 (T10)
[2024-11-04 05:18:40.312] [info] Frame 412 (t = 2.06):	 total squared error = 0.0175106, marker error: RMS = 0.0233924, max = 0.0626577 (T10)
[2024-11-04 05:18:40.443] [info] Frame 413 (t = 2.065):	 total squared error = 0.0171923, marker error: RMS = 0.0231788, max = 0.062793 (T10)
[2024-11-04 05:18:40.592] [info] Frame 414 (t = 2.07):	 total squared error = 0.0168746, marker error: RMS = 0.0229637, max = 0.0629753 (T10)
[2024-11-04 05:18:40.725] [info] Frame 415 (t = 2.075):	 total squared error = 0.016561, marker error: RMS = 0.0227493, max = 0.0631774 (T10)
[2024-11-04 05:18:40.854] [info] Frame 416 (t = 2.08):	 total squared error = 0.0162486, marker error: RMS = 0.0225338, max = 0.063495 (T10)
[2024-11-04 05:18:40.990] [info] Frame 417 (t = 2.085):	 total squared error = 0.0159497, marker error: RMS = 0.0223255, max = 0.0638441 (T10)
[2024-11-04 05:18:41.129] [info] Frame 418 (t = 2.09):	 total squared error = 0.0156677, marker error: RMS = 0.0221273, max = 0.0642083 (T10)
[2024-11-04 05:18:41.250] [info] Frame 419 (t = 2.095):	 total squared error = 0.0154091, marker error: RMS = 0.0219439, max = 0.0645491 (T10)
[2024-11-04 05:18:41.368] [info] Frame 420 (t = 2.1):	 total squared error = 0.0151806, marker error: RMS = 0.0217806, max = 0.0649849 (T10)
[2024-11-04 05:18:41.491] [info] Frame 421 (t = 2.10500):	 total squared error = 0.0149838, marker error: RMS = 0.0216389, max = 0.0653919 (T10)
[2024-11-04 05:18:41.614] [info] Frame 422 (t = 2.11):	 total squared error = 0.0148222, marker error: RMS = 0.0215219, max = 0.0658959 (T10)
[2024-11-04 05:18:41.758] [info] Frame 423 (t = 2.115):	 total squared error = 0.0146988, marker error: RMS = 0.0214322, max = 0.0663479 (T10)
[2024-11-04 05:18:41.887] [info] Frame 424 (t = 2.12):	 total squared error = 0.0146116, marker error: RMS = 0.0213685, max = 0.0667516 (T10)
[2024-11-04 05:18:42.030] [info] Frame 425 (t = 2.125):	 total squared error = 0.014556, marker error: RMS = 0.0213278, max = 0.0671631 (T10)
[2024-11-04 05:18:42.180] [info] Frame 426 (t = 2.13):	 total squared error = 0.0145252, marker error: RMS = 0.0213052, max = 0.0675307 (T10)
[2024-11-04 05:18:42.311] [info] Frame 427 (t = 2.135):	 total squared error = 0.0145092, marker error: RMS = 0.0212935, max = 0.0678796 (T10)
[2024-11-04 05:18:42.428] [info] Frame 428 (t = 2.14):	 total squared error = 0.0144964, marker error: RMS = 0.0212841, max = 0.0681811 (T10)
[2024-11-04 05:18:42.571] [info] Frame 429 (t = 2.145):	 total squared error = 0.0144785, marker error: RMS = 0.0212709, max = 0.0684647 (T10)
[2024-11-04 05:18:42.716] [info] Frame 430 (t = 2.15):	 total squared error = 0.0144477, marker error: RMS = 0.0212483, max = 0.0687198 (T10)
[2024-11-04 05:18:42.866] [info] Frame 431 (t = 2.155):	 total squared error = 0.0144037, marker error: RMS = 0.0212159, max = 0.0689573 (T10)
[2024-11-04 05:18:42.990] [info] Frame 432 (t = 2.16):	 total squared error = 0.0143517, marker error: RMS = 0.0211776, max = 0.0691152 (T10)
[2024-11-04 05:18:43.125] [info] Frame 433 (t = 2.165):	 total squared error = 0.0142942, marker error: RMS = 0.0211351, max = 0.069322 (T10)
[2024-11-04 05:18:43.264] [info] Frame 434 (t = 2.17):	 total squared error = 0.0142424, marker error: RMS = 0.0210968, max = 0.069511 (T10)
[2024-11-04 05:18:43.386] [info] Frame 435 (t = 2.175):	 total squared error = 0.0142080, marker error: RMS = 0.0210713, max = 0.069519 (T10)
[2024-11-04 05:18:43.509] [info] Frame 436 (t = 2.18):	 total squared error = 0.0141892, marker error: RMS = 0.0210573, max = 0.0697565 (T10)
[2024-11-04 05:18:43.646] [info] Frame 437 (t = 2.185):	 total squared error = 0.0141912, marker error: RMS = 0.0210589, max = 0.0698758 (T10)
[2024-11-04 05:18:43.775] [info] Frame 438 (t = 2.19):	 total squared error = 0.0142122, marker error: RMS = 0.0210744, max = 0.069896 (T10)
[2024-11-04 05:18:43.908] [info] Frame 439 (t = 2.195):	 total squared error = 0.0142452, marker error: RMS = 0.0210989, max = 0.0700017 (T10)
[2024-11-04 05:18:44.046] [info] Frame 440 (t = 2.2):	 total squared error = 0.0142844, marker error: RMS = 0.0211279, max = 0.0700464 (T10)
[2024-11-04 05:18:44.190] [info] Frame 441 (t = 2.20500):	 total squared error = 0.0143249, marker error: RMS = 0.0211578, max = 0.0700919 (T10)
[2024-11-04 05:18:44.324] [info] Frame 442 (t = 2.21):	 total squared error = 0.0143633, marker error: RMS = 0.0211861, max = 0.0701825 (T10)
[2024-11-04 05:18:44.456] [info] Frame 443 (t = 2.215):	 total squared error = 0.0144004, marker error: RMS = 0.0212135, max = 0.0702781 (T10)
[2024-11-04 05:18:44.606] [info] Frame 444 (t = 2.22):	 total squared error = 0.0144407, marker error: RMS = 0.0212431, max = 0.0703779 (T10)
[2024-11-04 05:18:44.751] [info] Frame 445 (t = 2.225):	 total squared error = 0.0144901, marker error: RMS = 0.0212795, max = 0.0704491 (T10)
[2024-11-04 05:18:44.898] [info] Frame 446 (t = 2.23):	 total squared error = 0.0145539, marker error: RMS = 0.0213263, max = 0.0705511 (T10)
[2024-11-04 05:18:45.037] [info] Frame 447 (t = 2.235):	 total squared error = 0.0146378, marker error: RMS = 0.0213876, max = 0.0706650 (T10)
[2024-11-04 05:18:45.177] [info] Frame 448 (t = 2.24):	 total squared error = 0.0147419, marker error: RMS = 0.0214636, max = 0.0707368 (T10)
[2024-11-04 05:18:45.323] [info] Frame 449 (t = 2.245):	 total squared error = 0.0148632, marker error: RMS = 0.0215517, max = 0.0707586 (T10)
[2024-11-04 05:18:45.444] [info] Frame 450 (t = 2.25):	 total squared error = 0.0149945, marker error: RMS = 0.0216467, max = 0.0707418 (T10)
[2024-11-04 05:18:45.565] [info] Frame 451 (t = 2.255):	 total squared error = 0.0151282, marker error: RMS = 0.021743, max = 0.0707910 (T10)
[2024-11-04 05:18:45.701] [info] Frame 452 (t = 2.26):	 total squared error = 0.0152534, marker error: RMS = 0.0218328, max = 0.0708122 (T10)
[2024-11-04 05:18:45.820] [info] Frame 453 (t = 2.265):	 total squared error = 0.0153605, marker error: RMS = 0.0219092, max = 0.0707262 (T10)
[2024-11-04 05:18:45.976] [info] Frame 454 (t = 2.27):	 total squared error = 0.0154438, marker error: RMS = 0.0219686, max = 0.0706273 (T10)
[2024-11-04 05:18:46.097] [info] Frame 455 (t = 2.275):	 total squared error = 0.015498, marker error: RMS = 0.0220071, max = 0.0705594 (T10)
[2024-11-04 05:18:46.213] [info] Frame 456 (t = 2.28):	 total squared error = 0.0155289, marker error: RMS = 0.0220290, max = 0.0702322 (T10)
[2024-11-04 05:18:46.364] [info] Frame 457 (t = 2.285):	 total squared error = 0.0155351, marker error: RMS = 0.0220335, max = 0.0700571 (T10)
[2024-11-04 05:18:46.500] [info] Frame 458 (t = 2.29):	 total squared error = 0.0155244, marker error: RMS = 0.0220258, max = 0.0700369 (T10)
[2024-11-04 05:18:46.633] [info] Frame 459 (t = 2.295):	 total squared error = 0.0155036, marker error: RMS = 0.0220111, max = 0.0698274 (T10)
[2024-11-04 05:18:46.762] [info] Frame 460 (t = 2.3):	 total squared error = 0.0154809, marker error: RMS = 0.021995, max = 0.0696531 (T10)
[2024-11-04 05:18:46.907] [info] Frame 461 (t = 2.30500):	 total squared error = 0.0154649, marker error: RMS = 0.0219836, max = 0.0694562 (T10)
[2024-11-04 05:18:47.034] [info] Frame 462 (t = 2.31):	 total squared error = 0.015457, marker error: RMS = 0.021978, max = 0.0693643 (T10)
[2024-11-04 05:18:47.168] [info] Frame 463 (t = 2.315):	 total squared error = 0.0154681, marker error: RMS = 0.0219858, max = 0.0689489 (T10)
[2024-11-04 05:18:47.298] [info] Frame 464 (t = 2.32):	 total squared error = 0.015494, marker error: RMS = 0.0220043, max = 0.0687982 (T10)
[2024-11-04 05:18:47.442] [info] Frame 465 (t = 2.325):	 total squared error = 0.0155385, marker error: RMS = 0.0220358, max = 0.0685902 (T10)
[2024-11-04 05:18:47.578] [info] Frame 466 (t = 2.33):	 total squared error = 0.0156021, marker error: RMS = 0.0220809, max = 0.0683906 (T10)
[2024-11-04 05:18:47.714] [info] Frame 467 (t = 2.335):	 total squared error = 0.0156844, marker error: RMS = 0.022139, max = 0.0682162 (T10)
[2024-11-04 05:18:47.866] [info] Frame 468 (t = 2.34):	 total squared error = 0.0157863, marker error: RMS = 0.0222108, max = 0.0680359 (T10)
[2024-11-04 05:18:48.000] [info] Frame 469 (t = 2.345):	 total squared error = 0.0159032, marker error: RMS = 0.022293, max = 0.0678986 (T10)
[2024-11-04 05:18:48.137] [info] Frame 470 (t = 2.35):	 total squared error = 0.0160298, marker error: RMS = 0.0223815, max = 0.0677612 (T10)
[2024-11-04 05:18:48.277] [info] Frame 471 (t = 2.355):	 total squared error = 0.0161617, marker error: RMS = 0.0224734, max = 0.0676601 (T10)
[2024-11-04 05:18:48.427] [info] Frame 472 (t = 2.36):	 total squared error = 0.0162894, marker error: RMS = 0.022562, max = 0.0675316 (T10)
[2024-11-04 05:18:48.550] [info] Frame 473 (t = 2.365):	 total squared error = 0.0164059, marker error: RMS = 0.0226425, max = 0.0673803 (T10)
[2024-11-04 05:18:48.701] [info] Frame 474 (t = 2.37):	 total squared error = 0.0165047, marker error: RMS = 0.0227106, max = 0.067362 (T10)
[2024-11-04 05:18:48.848] [info] Frame 475 (t = 2.375):	 total squared error = 0.0165785, marker error: RMS = 0.0227613, max = 0.0672833 (T10)
[2024-11-04 05:18:48.992] [info] Frame 476 (t = 2.38):	 total squared error = 0.0166231, marker error: RMS = 0.0227919, max = 0.06719 (T10)
[2024-11-04 05:18:49.124] [info] Frame 477 (t = 2.385):	 total squared error = 0.0166339, marker error: RMS = 0.0227993, max = 0.0670635 (T10)
[2024-11-04 05:18:49.267] [info] Frame 478 (t = 2.39):	 total squared error = 0.0166141, marker error: RMS = 0.0227858, max = 0.0670830 (T10)
[2024-11-04 05:18:49.419] [info] Frame 479 (t = 2.395):	 total squared error = 0.0165615, marker error: RMS = 0.0227496, max = 0.0670230 (T10)
[2024-11-04 05:18:49.559] [info] Frame 480 (t = 2.4):	 total squared error = 0.0164789, marker error: RMS = 0.0226929, max = 0.0669523 (T10)
[2024-11-04 05:18:49.699] [info] Frame 481 (t = 2.40500):	 total squared error = 0.0163728, marker error: RMS = 0.0226197, max = 0.0669069 (T10)
[2024-11-04 05:18:49.834] [info] Frame 482 (t = 2.41):	 total squared error = 0.0162441, marker error: RMS = 0.0225306, max = 0.0668135 (T10)
[2024-11-04 05:18:49.986] [info] Frame 483 (t = 2.415):	 total squared error = 0.0161047, marker error: RMS = 0.0224337, max = 0.0668050 (T10)
[2024-11-04 05:18:50.122] [info] Frame 484 (t = 2.42):	 total squared error = 0.0159529, marker error: RMS = 0.0223277, max = 0.0667366 (T10)
[2024-11-04 05:18:50.262] [info] Frame 485 (t = 2.425):	 total squared error = 0.0158010, marker error: RMS = 0.0222212, max = 0.0666955 (T10)
[2024-11-04 05:18:50.371] [info] Frame 486 (t = 2.43):	 total squared error = 0.0156572, marker error: RMS = 0.0221198, max = 0.0665595 (T10)
[2024-11-04 05:18:50.520] [info] Frame 487 (t = 2.435):	 total squared error = 0.0155133, marker error: RMS = 0.0220180, max = 0.0666116 (T10)
[2024-11-04 05:18:50.531] [info] InverseKinematicsTool completed 155 frames in 22 second(s).
